[8/9/2018 12:14:06 PM] RockSniffer 0.1.4 (64bits)
[8/9/2018 12:14:06 PM] Waiting for rocksmith
[8/9/2018 1:03:00 PM] RockSniffer 0.1.4 (64bits)
[8/9/2018 1:03:00 PM] Waiting for rocksmith
[8/9/2018 1:33:16 PM] RockSniffer 0.1.4 (64bits)
[8/9/2018 1:33:16 PM] Please verify that the IP address is valid and the port is not already in use
[8/9/2018 1:33:16 PM] Could not start addon service: Address already in use
  at System.Net.Sockets.Socket.Bind (System.Net.EndPoint localEP) [0x00043] in <8fc855470d454244a5ca640c7d8d6998>:0 
  at System.Net.Sockets.TcpListener.Start (System.Int32 backlog) [0x00044] in <8fc855470d454244a5ca640c7d8d6998>:0 
  at System.Net.Sockets.TcpListener.Start () [0x00000] in <8fc855470d454244a5ca640c7d8d6998>:0 
  at RockSniffer.Addons.AddonService..ctor (System.String ipStr, System.Int32 port) [0x0003f] in <097d9c98d9a9418d8568a2c6a02a1ef7>:0 
  at RockSniffer.Program.Initialize () [0x00123] in <097d9c98d9a9418d8568a2c6a02a1ef7>:0 
[8/9/2018 1:33:16 PM] Waiting for rocksmith
[8/9/2018 1:34:22 PM] RockSniffer 0.1.4 (64bits)
[8/9/2018 1:34:22 PM] Waiting for rocksmith
[8/9/2018 1:41:41 PM] RockSniffer 0.1.4 (64bits)
[8/9/2018 1:41:41 PM] Waiting for rocksmith
[8/9/2018 1:43:41 PM] RockSniffer 0.1.4 (64bits)
[8/9/2018 1:43:41 PM] Waiting for rocksmith
[8/9/2018 1:45:11 PM] RockSniffer 0.1.4 (64bits)
[8/9/2018 1:45:11 PM] Waiting for rocksmith
[8/9/2018 1:56:13 PM] RockSniffer 0.1.4 (64bits)
[8/9/2018 1:56:14 PM] Waiting for rocksmith
[8/9/2018 1:56:45 PM] RockSniffer 0.1.4 (64bits)
[8/9/2018 1:56:46 PM] Waiting for rocksmith
[8/9/2018 1:58:11 PM] RockSniffer 0.1.4 (64bits)
[8/9/2018 1:58:11 PM] Waiting for rocksmith
[8/9/2018 2:06:12 PM] RockSniffer 0.1.4 (64bits)
[8/9/2018 2:06:12 PM] Waiting for rocksmith
[8/9/2018 2:06:40 PM] RockSniffer 0.1.4 (64bits)
[8/9/2018 2:06:41 PM] Waiting for rocksmith
[8/9/2018 2:07:59 PM] RockSniffer 0.1.4 (64bits)
[8/9/2018 2:07:59 PM] Waiting for rocksmith
[8/9/2018 2:10:22 PM] RockSniffer 0.1.4 (64bits)
[8/9/2018 2:10:23 PM] Waiting for rocksmith
[8/9/2018 2:13:31 PM] RockSniffer 0.1.4 (64bits)
[8/9/2018 2:13:31 PM] Waiting for rocksmith
[8/9/2018 2:14:19 PM] RockSniffer 0.1.4 (64bits)
[8/9/2018 2:14:20 PM] Waiting for rocksmith
[8/9/2018 2:15:06 PM] RockSniffer 0.1.4 (64bits)
[8/9/2018 2:15:06 PM] Waiting for rocksmith
[8/9/2018 2:16:38 PM] RockSniffer 0.1.4 (64bits)
[8/9/2018 2:16:38 PM] Waiting for rocksmith
[8/9/2018 2:18:22 PM] RockSniffer 0.1.4 (64bits)
[8/9/2018 2:18:22 PM] Waiting for rocksmith
[8/9/2018 2:19:15 PM] RockSniffer 0.1.4 (64bits)
[8/9/2018 2:19:15 PM] Waiting for rocksmith
[8/9/2018 2:20:11 PM] RockSniffer 0.1.4 (64bits)
[8/9/2018 2:20:11 PM] Waiting for rocksmith
